<?xml version="1.0" encoding="UTF-8"?>
<!-- Generated by org.testng.reporters.JUnitXMLReporter -->
<testsuite hostname="AYSPP6546" name="Surefire test" tests="4" failures="0" timestamp="9 Sep 2019 06:35:31 GMT" time="0.026" errors="0">
  <testcase name="Postjira" time="0.0" classname="qaclickacademy.RestAPITest"/>
  <testcase name="deleteRest" time="0.0" classname="qaclickacademy.RestAPITest"/>
  <testcase name="elementUI" time="0.0" classname="qaclickacademy.seleniumTest"/>
  <testcase name="seleniumbaseauto" time="0.0" classname="qaclickacademy.seleniumTest"/>
</testsuite> <!-- Surefire test -->
