<?xml version="1.0" encoding="UTF-8"?>
<testng-results skipped="0" failed="0" total="4" passed="4">
  <reporter-output>
  </reporter-output>
  <suite name="Surefire suite" duration-ms="26" started-at="2019-09-09T06:35:30Z" finished-at="2019-09-09T06:35:31Z">
    <groups>
    </groups>
    <test name="Surefire test" duration-ms="26" started-at="2019-09-09T06:35:30Z" finished-at="2019-09-09T06:35:31Z">
      <class name="qaclickacademy.RestAPITest">
        <test-method status="PASS" signature="deleteRest()[pri:0, instance:qaclickacademy.RestAPITest@15975490]" name="deleteRest" duration-ms="0" started-at="2019-09-09T12:05:31Z" finished-at="2019-09-09T12:05:31Z">
          <reporter-output>
          </reporter-output>
        </test-method> <!-- deleteRest -->
        <test-method status="PASS" signature="Postjira()[pri:0, instance:qaclickacademy.RestAPITest@15975490]" name="Postjira" duration-ms="0" started-at="2019-09-09T12:05:31Z" finished-at="2019-09-09T12:05:31Z">
          <reporter-output>
          </reporter-output>
        </test-method> <!-- Postjira -->
      </class> <!-- qaclickacademy.RestAPITest -->
      <class name="qaclickacademy.seleniumTest">
        <test-method status="PASS" signature="seleniumbaseauto()[pri:0, instance:qaclickacademy.seleniumTest@6615435c]" name="seleniumbaseauto" duration-ms="0" started-at="2019-09-09T12:05:31Z" finished-at="2019-09-09T12:05:31Z">
          <reporter-output>
          </reporter-output>
        </test-method> <!-- seleniumbaseauto -->
        <test-method status="PASS" signature="elementUI()[pri:0, instance:qaclickacademy.seleniumTest@6615435c]" name="elementUI" duration-ms="0" started-at="2019-09-09T12:05:31Z" finished-at="2019-09-09T12:05:31Z">
          <reporter-output>
          </reporter-output>
        </test-method> <!-- elementUI -->
      </class> <!-- qaclickacademy.seleniumTest -->
    </test> <!-- Surefire test -->
  </suite> <!-- Surefire suite -->
</testng-results>
